CRITICAL - 2022-07-22 04:28:01 --> Unable to connect to the database.
#0 /php_app/vendor/codeigniter4/framework/system/Database/BaseConnection.php(646): CodeIgniter\Database\BaseConnection->initialize()
#1 /php_app/vendor/codeigniter4/framework/system/Database/BaseBuilder.php(1860): CodeIgniter\Database\BaseConnection->query('SELECT 1\nFROM `...', Array, false)
#2 /php_app/vendor/codeigniter4/framework/system/Validation/Rules.php(240): CodeIgniter\Database\BaseBuilder->get()
#3 /php_app/vendor/codeigniter4/framework/system/Validation/Validation.php(325): CodeIgniter\Validation\Rules->is_unique('supawarin88@gma...', 'user_email', Array, NULL)
#4 /php_app/vendor/codeigniter4/framework/system/Validation/Validation.php(189): CodeIgniter\Validation\Validation->processRules('email', 'email', 'supawarin88@gma...', Array, Array)
#5 /php_app/vendor/codeigniter4/framework/system/Controller.php(219): CodeIgniter\Validation\Validation->run()
#6 /php_app/app/Controllers/Register.php(26): CodeIgniter\Controller->validate(Array)
#7 /php_app/vendor/codeigniter4/framework/system/CodeIgniter.php(918): App\Controllers\Register->save()
#8 /php_app/vendor/codeigniter4/framework/system/CodeIgniter.php(404): CodeIgniter\CodeIgniter->runController(Object(App\Controllers\Register))
#9 /php_app/vendor/codeigniter4/framework/system/CodeIgniter.php(312): CodeIgniter\CodeIgniter->handleRequest(NULL, Object(Config\Cache), false)
#10 /php_app/public/index.php(45): CodeIgniter\CodeIgniter->run()
#11 {main}
CRITICAL - 2022-07-22 04:35:08 --> Unable to connect to the database.
#0 /php_app/vendor/codeigniter4/framework/system/Database/BaseConnection.php(646): CodeIgniter\Database\BaseConnection->initialize()
#1 /php_app/vendor/codeigniter4/framework/system/Database/BaseBuilder.php(1860): CodeIgniter\Database\BaseConnection->query('SELECT 1\nFROM `...', Array, false)
#2 /php_app/vendor/codeigniter4/framework/system/Validation/Rules.php(240): CodeIgniter\Database\BaseBuilder->get()
#3 /php_app/vendor/codeigniter4/framework/system/Validation/Validation.php(325): CodeIgniter\Validation\Rules->is_unique('supawarin88@gma...', 'user_email', Array, NULL)
#4 /php_app/vendor/codeigniter4/framework/system/Validation/Validation.php(189): CodeIgniter\Validation\Validation->processRules('email', 'email', 'supawarin88@gma...', Array, Array)
#5 /php_app/vendor/codeigniter4/framework/system/Controller.php(219): CodeIgniter\Validation\Validation->run()
#6 /php_app/app/Controllers/Register.php(26): CodeIgniter\Controller->validate(Array)
#7 /php_app/vendor/codeigniter4/framework/system/CodeIgniter.php(918): App\Controllers\Register->save()
#8 /php_app/vendor/codeigniter4/framework/system/CodeIgniter.php(404): CodeIgniter\CodeIgniter->runController(Object(App\Controllers\Register))
#9 /php_app/vendor/codeigniter4/framework/system/CodeIgniter.php(312): CodeIgniter\CodeIgniter->handleRequest(NULL, Object(Config\Cache), false)
#10 /php_app/public/index.php(45): CodeIgniter\CodeIgniter->run()
#11 {main}
CRITICAL - 2022-07-22 04:39:11 --> Unable to connect to the database.
#0 /php_app/vendor/codeigniter4/framework/system/Database/BaseConnection.php(646): CodeIgniter\Database\BaseConnection->initialize()
#1 /php_app/vendor/codeigniter4/framework/system/Database/BaseBuilder.php(1860): CodeIgniter\Database\BaseConnection->query('SELECT 1\nFROM `...', Array, false)
#2 /php_app/vendor/codeigniter4/framework/system/Validation/Rules.php(240): CodeIgniter\Database\BaseBuilder->get()
#3 /php_app/vendor/codeigniter4/framework/system/Validation/Validation.php(325): CodeIgniter\Validation\Rules->is_unique('supawarin88@gma...', 'user_email', Array, NULL)
#4 /php_app/vendor/codeigniter4/framework/system/Validation/Validation.php(189): CodeIgniter\Validation\Validation->processRules('email', 'email', 'supawarin88@gma...', Array, Array)
#5 /php_app/vendor/codeigniter4/framework/system/Controller.php(219): CodeIgniter\Validation\Validation->run()
#6 /php_app/app/Controllers/Register.php(26): CodeIgniter\Controller->validate(Array)
#7 /php_app/vendor/codeigniter4/framework/system/CodeIgniter.php(918): App\Controllers\Register->save()
#8 /php_app/vendor/codeigniter4/framework/system/CodeIgniter.php(404): CodeIgniter\CodeIgniter->runController(Object(App\Controllers\Register))
#9 /php_app/vendor/codeigniter4/framework/system/CodeIgniter.php(312): CodeIgniter\CodeIgniter->handleRequest(NULL, Object(Config\Cache), false)
#10 /php_app/public/index.php(45): CodeIgniter\CodeIgniter->run()
#11 {main}
CRITICAL - 2022-07-22 04:43:19 --> Unable to connect to the database.
#0 /php_app/vendor/codeigniter4/framework/system/Database/BaseConnection.php(646): CodeIgniter\Database\BaseConnection->initialize()
#1 /php_app/vendor/codeigniter4/framework/system/Database/BaseBuilder.php(1860): CodeIgniter\Database\BaseConnection->query('SELECT 1\nFROM `...', Array, false)
#2 /php_app/vendor/codeigniter4/framework/system/Validation/Rules.php(240): CodeIgniter\Database\BaseBuilder->get()
#3 /php_app/vendor/codeigniter4/framework/system/Validation/Validation.php(325): CodeIgniter\Validation\Rules->is_unique('supawarin88@gma...', 'user_email', Array, NULL)
#4 /php_app/vendor/codeigniter4/framework/system/Validation/Validation.php(189): CodeIgniter\Validation\Validation->processRules('email', 'email', 'supawarin88@gma...', Array, Array)
#5 /php_app/vendor/codeigniter4/framework/system/Controller.php(219): CodeIgniter\Validation\Validation->run()
#6 /php_app/app/Controllers/Register.php(26): CodeIgniter\Controller->validate(Array)
#7 /php_app/vendor/codeigniter4/framework/system/CodeIgniter.php(918): App\Controllers\Register->save()
#8 /php_app/vendor/codeigniter4/framework/system/CodeIgniter.php(404): CodeIgniter\CodeIgniter->runController(Object(App\Controllers\Register))
#9 /php_app/vendor/codeigniter4/framework/system/CodeIgniter.php(312): CodeIgniter\CodeIgniter->handleRequest(NULL, Object(Config\Cache), false)
#10 /php_app/public/index.php(45): CodeIgniter\CodeIgniter->run()
#11 {main}
CRITICAL - 2022-07-22 04:46:29 --> Unable to connect to the database.
#0 /php_app/vendor/codeigniter4/framework/system/Database/BaseConnection.php(646): CodeIgniter\Database\BaseConnection->initialize()
#1 /php_app/vendor/codeigniter4/framework/system/Database/BaseBuilder.php(1860): CodeIgniter\Database\BaseConnection->query('SELECT 1\nFROM `...', Array, false)
#2 /php_app/vendor/codeigniter4/framework/system/Validation/Rules.php(240): CodeIgniter\Database\BaseBuilder->get()
#3 /php_app/vendor/codeigniter4/framework/system/Validation/Validation.php(325): CodeIgniter\Validation\Rules->is_unique('supawarin88@gma...', 'user_email', Array, NULL)
#4 /php_app/vendor/codeigniter4/framework/system/Validation/Validation.php(189): CodeIgniter\Validation\Validation->processRules('email', 'email', 'supawarin88@gma...', Array, Array)
#5 /php_app/vendor/codeigniter4/framework/system/Controller.php(219): CodeIgniter\Validation\Validation->run()
#6 /php_app/app/Controllers/Register.php(26): CodeIgniter\Controller->validate(Array)
#7 /php_app/vendor/codeigniter4/framework/system/CodeIgniter.php(918): App\Controllers\Register->save()
#8 /php_app/vendor/codeigniter4/framework/system/CodeIgniter.php(404): CodeIgniter\CodeIgniter->runController(Object(App\Controllers\Register))
#9 /php_app/vendor/codeigniter4/framework/system/CodeIgniter.php(312): CodeIgniter\CodeIgniter->handleRequest(NULL, Object(Config\Cache), false)
#10 /php_app/public/index.php(45): CodeIgniter\CodeIgniter->run()
#11 {main}
CRITICAL - 2022-07-22 04:54:22 --> Unable to connect to the database.
#0 /php_app/vendor/codeigniter4/framework/system/Database/BaseConnection.php(646): CodeIgniter\Database\BaseConnection->initialize()
#1 /php_app/vendor/codeigniter4/framework/system/Database/BaseBuilder.php(1860): CodeIgniter\Database\BaseConnection->query('SELECT 1\nFROM `...', Array, false)
#2 /php_app/vendor/codeigniter4/framework/system/Validation/Rules.php(240): CodeIgniter\Database\BaseBuilder->get()
#3 /php_app/vendor/codeigniter4/framework/system/Validation/Validation.php(325): CodeIgniter\Validation\Rules->is_unique('supawarin88@gma...', 'user_email', Array, NULL)
#4 /php_app/vendor/codeigniter4/framework/system/Validation/Validation.php(189): CodeIgniter\Validation\Validation->processRules('email', 'email', 'supawarin88@gma...', Array, Array)
#5 /php_app/vendor/codeigniter4/framework/system/Controller.php(219): CodeIgniter\Validation\Validation->run()
#6 /php_app/app/Controllers/Register.php(26): CodeIgniter\Controller->validate(Array)
#7 /php_app/vendor/codeigniter4/framework/system/CodeIgniter.php(918): App\Controllers\Register->save()
#8 /php_app/vendor/codeigniter4/framework/system/CodeIgniter.php(404): CodeIgniter\CodeIgniter->runController(Object(App\Controllers\Register))
#9 /php_app/vendor/codeigniter4/framework/system/CodeIgniter.php(312): CodeIgniter\CodeIgniter->handleRequest(NULL, Object(Config\Cache), false)
#10 /php_app/public/index.php(45): CodeIgniter\CodeIgniter->run()
#11 {main}
CRITICAL - 2022-07-22 04:58:32 --> Unable to connect to the database.
#0 /php_app/vendor/codeigniter4/framework/system/Database/BaseConnection.php(646): CodeIgniter\Database\BaseConnection->initialize()
#1 /php_app/vendor/codeigniter4/framework/system/Database/BaseBuilder.php(1860): CodeIgniter\Database\BaseConnection->query('SELECT 1\nFROM `...', Array, false)
#2 /php_app/vendor/codeigniter4/framework/system/Validation/Rules.php(240): CodeIgniter\Database\BaseBuilder->get()
#3 /php_app/vendor/codeigniter4/framework/system/Validation/Validation.php(325): CodeIgniter\Validation\Rules->is_unique('supawarin88@gma...', 'user_email', Array, NULL)
#4 /php_app/vendor/codeigniter4/framework/system/Validation/Validation.php(189): CodeIgniter\Validation\Validation->processRules('email', 'email', 'supawarin88@gma...', Array, Array)
#5 /php_app/vendor/codeigniter4/framework/system/Controller.php(219): CodeIgniter\Validation\Validation->run()
#6 /php_app/app/Controllers/Register.php(26): CodeIgniter\Controller->validate(Array)
#7 /php_app/vendor/codeigniter4/framework/system/CodeIgniter.php(918): App\Controllers\Register->save()
#8 /php_app/vendor/codeigniter4/framework/system/CodeIgniter.php(404): CodeIgniter\CodeIgniter->runController(Object(App\Controllers\Register))
#9 /php_app/vendor/codeigniter4/framework/system/CodeIgniter.php(312): CodeIgniter\CodeIgniter->handleRequest(NULL, Object(Config\Cache), false)
#10 /php_app/public/index.php(45): CodeIgniter\CodeIgniter->run()
#11 {main}
CRITICAL - 2022-07-22 04:59:51 --> Unable to connect to the database.
#0 /php_app/vendor/codeigniter4/framework/system/Database/BaseConnection.php(646): CodeIgniter\Database\BaseConnection->initialize()
#1 /php_app/vendor/codeigniter4/framework/system/Database/BaseBuilder.php(1860): CodeIgniter\Database\BaseConnection->query('SELECT 1\nFROM `...', Array, false)
#2 /php_app/vendor/codeigniter4/framework/system/Validation/Rules.php(240): CodeIgniter\Database\BaseBuilder->get()
#3 /php_app/vendor/codeigniter4/framework/system/Validation/Validation.php(325): CodeIgniter\Validation\Rules->is_unique('supawarin88@gma...', 'user_email', Array, NULL)
#4 /php_app/vendor/codeigniter4/framework/system/Validation/Validation.php(189): CodeIgniter\Validation\Validation->processRules('email', 'email', 'supawarin88@gma...', Array, Array)
#5 /php_app/vendor/codeigniter4/framework/system/Controller.php(219): CodeIgniter\Validation\Validation->run()
#6 /php_app/app/Controllers/Register.php(26): CodeIgniter\Controller->validate(Array)
#7 /php_app/vendor/codeigniter4/framework/system/CodeIgniter.php(918): App\Controllers\Register->save()
#8 /php_app/vendor/codeigniter4/framework/system/CodeIgniter.php(404): CodeIgniter\CodeIgniter->runController(Object(App\Controllers\Register))
#9 /php_app/vendor/codeigniter4/framework/system/CodeIgniter.php(312): CodeIgniter\CodeIgniter->handleRequest(NULL, Object(Config\Cache), false)
#10 /php_app/public/index.php(45): CodeIgniter\CodeIgniter->run()
#11 {main}
CRITICAL - 2022-07-22 22:38:26 --> Unable to connect to the database.
#0 /php_app/vendor/codeigniter4/framework/system/Database/BaseConnection.php(646): CodeIgniter\Database\BaseConnection->initialize()
#1 /php_app/vendor/codeigniter4/framework/system/Database/BaseBuilder.php(1860): CodeIgniter\Database\BaseConnection->query('SELECT 1\nFROM `...', Array, false)
#2 /php_app/vendor/codeigniter4/framework/system/Validation/Rules.php(240): CodeIgniter\Database\BaseBuilder->get()
#3 /php_app/vendor/codeigniter4/framework/system/Validation/Validation.php(325): CodeIgniter\Validation\Rules->is_unique('supawarin88@gma...', 'user_email', Array, NULL)
#4 /php_app/vendor/codeigniter4/framework/system/Validation/Validation.php(189): CodeIgniter\Validation\Validation->processRules('email', 'email', 'supawarin88@gma...', Array, Array)
#5 /php_app/vendor/codeigniter4/framework/system/Controller.php(219): CodeIgniter\Validation\Validation->run()
#6 /php_app/app/Controllers/Register.php(26): CodeIgniter\Controller->validate(Array)
#7 /php_app/vendor/codeigniter4/framework/system/CodeIgniter.php(918): App\Controllers\Register->save()
#8 /php_app/vendor/codeigniter4/framework/system/CodeIgniter.php(404): CodeIgniter\CodeIgniter->runController(Object(App\Controllers\Register))
#9 /php_app/vendor/codeigniter4/framework/system/CodeIgniter.php(312): CodeIgniter\CodeIgniter->handleRequest(NULL, Object(Config\Cache), false)
#10 /php_app/public/index.php(45): CodeIgniter\CodeIgniter->run()
#11 {main}
CRITICAL - 2022-07-22 22:38:46 --> Unable to connect to the database.
#0 /php_app/vendor/codeigniter4/framework/system/Database/BaseConnection.php(646): CodeIgniter\Database\BaseConnection->initialize()
#1 /php_app/vendor/codeigniter4/framework/system/Database/BaseBuilder.php(1860): CodeIgniter\Database\BaseConnection->query('SELECT 1\nFROM `...', Array, false)
#2 /php_app/vendor/codeigniter4/framework/system/Validation/Rules.php(240): CodeIgniter\Database\BaseBuilder->get()
#3 /php_app/vendor/codeigniter4/framework/system/Validation/Validation.php(325): CodeIgniter\Validation\Rules->is_unique('supawarin88@gma...', 'user_email', Array, NULL)
#4 /php_app/vendor/codeigniter4/framework/system/Validation/Validation.php(189): CodeIgniter\Validation\Validation->processRules('email', 'email', 'supawarin88@gma...', Array, Array)
#5 /php_app/vendor/codeigniter4/framework/system/Controller.php(219): CodeIgniter\Validation\Validation->run()
#6 /php_app/app/Controllers/Register.php(26): CodeIgniter\Controller->validate(Array)
#7 /php_app/vendor/codeigniter4/framework/system/CodeIgniter.php(918): App\Controllers\Register->save()
#8 /php_app/vendor/codeigniter4/framework/system/CodeIgniter.php(404): CodeIgniter\CodeIgniter->runController(Object(App\Controllers\Register))
#9 /php_app/vendor/codeigniter4/framework/system/CodeIgniter.php(312): CodeIgniter\CodeIgniter->handleRequest(NULL, Object(Config\Cache), false)
#10 /php_app/public/index.php(45): CodeIgniter\CodeIgniter->run()
#11 {main}
CRITICAL - 2022-07-22 23:04:04 --> Unable to connect to the database.
#0 /php_app/vendor/codeigniter4/framework/system/Database/BaseConnection.php(646): CodeIgniter\Database\BaseConnection->initialize()
#1 /php_app/vendor/codeigniter4/framework/system/Database/BaseBuilder.php(1860): CodeIgniter\Database\BaseConnection->query('SELECT 1\nFROM `...', Array, false)
#2 /php_app/vendor/codeigniter4/framework/system/Validation/Rules.php(240): CodeIgniter\Database\BaseBuilder->get()
#3 /php_app/vendor/codeigniter4/framework/system/Validation/Validation.php(325): CodeIgniter\Validation\Rules->is_unique('supawarin88@gma...', 'user_email', Array, NULL)
#4 /php_app/vendor/codeigniter4/framework/system/Validation/Validation.php(189): CodeIgniter\Validation\Validation->processRules('email', 'email', 'supawarin88@gma...', Array, Array)
#5 /php_app/vendor/codeigniter4/framework/system/Controller.php(219): CodeIgniter\Validation\Validation->run()
#6 /php_app/app/Controllers/Register.php(26): CodeIgniter\Controller->validate(Array)
#7 /php_app/vendor/codeigniter4/framework/system/CodeIgniter.php(918): App\Controllers\Register->save()
#8 /php_app/vendor/codeigniter4/framework/system/CodeIgniter.php(404): CodeIgniter\CodeIgniter->runController(Object(App\Controllers\Register))
#9 /php_app/vendor/codeigniter4/framework/system/CodeIgniter.php(312): CodeIgniter\CodeIgniter->handleRequest(NULL, Object(Config\Cache), false)
#10 /php_app/public/index.php(45): CodeIgniter\CodeIgniter->run()
#11 {main}
CRITICAL - 2022-07-22 23:15:26 --> Unable to connect to the database.
#0 /php_app/vendor/codeigniter4/framework/system/Database/BaseConnection.php(646): CodeIgniter\Database\BaseConnection->initialize()
#1 /php_app/vendor/codeigniter4/framework/system/Database/BaseBuilder.php(1860): CodeIgniter\Database\BaseConnection->query('SELECT 1\nFROM `...', Array, false)
#2 /php_app/vendor/codeigniter4/framework/system/Validation/Rules.php(240): CodeIgniter\Database\BaseBuilder->get()
#3 /php_app/vendor/codeigniter4/framework/system/Validation/Validation.php(325): CodeIgniter\Validation\Rules->is_unique('supawarin88@gma...', 'user_email', Array, NULL)
#4 /php_app/vendor/codeigniter4/framework/system/Validation/Validation.php(189): CodeIgniter\Validation\Validation->processRules('email', 'email', 'supawarin88@gma...', Array, Array)
#5 /php_app/vendor/codeigniter4/framework/system/Controller.php(219): CodeIgniter\Validation\Validation->run()
#6 /php_app/app/Controllers/Register.php(26): CodeIgniter\Controller->validate(Array)
#7 /php_app/vendor/codeigniter4/framework/system/CodeIgniter.php(918): App\Controllers\Register->save()
#8 /php_app/vendor/codeigniter4/framework/system/CodeIgniter.php(404): CodeIgniter\CodeIgniter->runController(Object(App\Controllers\Register))
#9 /php_app/vendor/codeigniter4/framework/system/CodeIgniter.php(312): CodeIgniter\CodeIgniter->handleRequest(NULL, Object(Config\Cache), false)
#10 /php_app/public/index.php(45): CodeIgniter\CodeIgniter->run()
#11 {main}
